<?xml version="1.0" encoding="UTF-8"?>
<!-- Generated by org.testng.reporters.JUnitReportReporter -->
<testsuite skipped="0" hostname="Abhirups-Lappi" name="qaclickacademy.SeleniumTest" tests="2" failures="0" timestamp="11 Mar 2019 19:10:05 GMT" time="0.000" errors="0">
  <testcase name="Browserautomation" time="0.000" classname="qaclickacademy.SeleniumTest"/>
  <testcase name="elementsui" time="0.000" classname="qaclickacademy.SeleniumTest"/>
</testsuite> <!-- qaclickacademy.SeleniumTest -->
