<?xml version="1.0" encoding="UTF-8"?>
<!-- Generated by org.testng.reporters.JUnitReportReporter -->
<testsuite skipped="0" hostname="Abhirups-Lappi" name="qaclickacademy.AppiumTest" tests="2" failures="0" timestamp="11 Mar 2019 19:09:51 GMT" time="0.000" errors="0">
  <testcase name="Nativeappandroid" time="0.000" classname="qaclickacademy.AppiumTest"/>
  <testcase name="IOSapps" time="0.000" classname="qaclickacademy.AppiumTest"/>
</testsuite> <!-- qaclickacademy.AppiumTest -->
